[0m[[0m[0mdebug[0m] [0m[0m> Exec(;Test/compile; collectAnalyses, None, Some(CommandSource(network-1)))[0m
[0m[[0m[0mdebug[0m] [0m[0munmatched Processing event for requestId None: None[0m
[0m[[0m[0mdebug[0m] [0m[0munmatched Done event for requestId None: None[0m
[0m[[0m[0mdebug[0m] [0m[0m> Exec(Test/compile, None, Some(CommandSource(network-1)))[0m
[0m[[0m[0mdebug[0m] [0m[0munmatched Processing event for requestId None: None[0m
[0m[[0m[0mdebug[0m] [0m[0mEvaluating tasks: Test / compile[0m
[0m[[0m[0mdebug[0m] [0m[0mRunning task... Cancel: Signal, check cycles: false, forcegc: true[0m
[0m[[0m[0mdebug[0m] [0m[0mjsonRpcNotify: JsonRpcNotificationMessage(2.0, build/taskStart, {"taskId":{"id":"1","parents":[]},"eventTime":1637758634568,"message":"Compiling tp89_acf","dataKind":"compile-task","data":{"target":{"uri":"file:/home/hugo/M1%20SIF/ACF/tp8910/TP89_ACF/#tp89_acf/Compile"}}})[0m
[0m[[0m[0minfo[0m] [0m[0mcompiling 6 Scala sources and 4 Java sources to /home/hugo/M1 SIF/ACF/tp8910/TP89_ACF/target/scala-2.13/classes ...[0m
[0m[[0m[0mdebug[0m] [0m[0mjsonRpcNotify: JsonRpcNotificationMessage(2.0, build/logMessage, {"type":3,"message":"compiling 6 Scala sources and 4 Java sources to /home/hugo/M1 SIF/ACF/tp8910/TP89_ACF/target/scala-2.13/classes ..."})[0m
[0m[[0m[0mdebug[0m] [0m[0mjsonRpcNotify: JsonRpcNotificationMessage(2.0, build/publishDiagnostics, {"textDocument":{"uri":"file:///home/hugo/M1%20SIF/ACF/tp8910/TP89_ACF/src/main/scala/bank/Bank.scala"},"buildTarget":{"uri":"file:/home/hugo/M1%20SIF/ACF/tp8910/TP89_ACF/#tp89_acf/Compile"},"diagnostics":[{"range":{"start":{"line":203,"character":0},"end":{"line":203,"character":1}},"severity":1,"source":"sbt","message":"Unmatched closing brace '}' ignored here"}],"reset":false})[0m
[0m[[0m[31merror[0m] [0m[0m/home/hugo/M1 SIF/ACF/tp8910/TP89_ACF/src/main/scala/bank/Bank.scala:204:1: Unmatched closing brace '}' ignored here[0m
[0m[[0m[31merror[0m] [0m[0m}[0m
[0m[[0m[31merror[0m] [0m[0m^[0m
[0m[[0m[0mdebug[0m] [0m[0mjsonRpcNotify: JsonRpcNotificationMessage(2.0, build/logMessage, {"type":1,"message":"/home/hugo/M1 SIF/ACF/tp8910/TP89_ACF/src/main/scala/bank/Bank.scala:204:1: Unmatched closing brace '}' ignored here"})[0m
[0m[[0m[0mdebug[0m] [0m[0mjsonRpcNotify: JsonRpcNotificationMessage(2.0, build/logMessage, {"type":1,"message":"}"})[0m
[0m[[0m[0mdebug[0m] [0m[0mjsonRpcNotify: JsonRpcNotificationMessage(2.0, build/logMessage, {"type":1,"message":"^"})[0m
[0m[[0m[31merror[0m] [0m[0mone error found[0m
[0m[[0m[0mdebug[0m] [0m[0mjsonRpcNotify: JsonRpcNotificationMessage(2.0, build/logMessage, {"type":1,"message":"one error found"})[0m
[0m[[0m[0mdebug[0m] [0m[0mjsonRpcNotify: JsonRpcNotificationMessage(2.0, build/publishDiagnostics, {"textDocument":{"uri":"file:///home/hugo/M1%20SIF/ACF/tp8910/TP89_ACF/src/main/scala/bank/ExtMessage.scala"},"buildTarget":{"uri":"file:/home/hugo/M1%20SIF/ACF/tp8910/TP89_ACF/#tp89_acf/Compile"},"diagnostics":[],"reset":true})[0m
[0m[[0m[0mdebug[0m] [0m[0mjsonRpcNotify: JsonRpcNotificationMessage(2.0, build/publishDiagnostics, {"textDocument":{"uri":"file:///home/hugo/M1%20SIF/ACF/tp8910/TP89_ACF/src/main/scala/bank/Bank.scala"},"buildTarget":{"uri":"file:/home/hugo/M1%20SIF/ACF/tp8910/TP89_ACF/#tp89_acf/Compile"},"diagnostics":[{"range":{"start":{"line":203,"character":0},"end":{"line":203,"character":1}},"severity":1,"source":"sbt","message":"Unmatched closing brace '}' ignored here"}],"reset":true})[0m
[0m[[0m[0mdebug[0m] [0m[0mjsonRpcNotify: JsonRpcNotificationMessage(2.0, build/publishDiagnostics, {"textDocument":{"uri":"file:///home/hugo/M1%20SIF/ACF/tp8910/TP89_ACF/src/main/scala/bank/TransValidator.scala"},"buildTarget":{"uri":"file:/home/hugo/M1%20SIF/ACF/tp8910/TP89_ACF/#tp89_acf/Compile"},"diagnostics":[],"reset":true})[0m
[0m[[0m[0mdebug[0m] [0m[0mjsonRpcNotify: JsonRpcNotificationMessage(2.0, build/publishDiagnostics, {"textDocument":{"uri":"file:///home/hugo/M1%20SIF/ACF/tp8910/TP89_ACF/src/main/scala/bank/Ihm.java"},"buildTarget":{"uri":"file:/home/hugo/M1%20SIF/ACF/tp8910/TP89_ACF/#tp89_acf/Compile"},"diagnostics":[],"reset":true})[0m
[0m[[0m[0mdebug[0m] [0m[0mjsonRpcNotify: JsonRpcNotificationMessage(2.0, build/publishDiagnostics, {"textDocument":{"uri":"file:///home/hugo/M1%20SIF/ACF/tp8910/TP89_ACF/src/main/scala/validator/ConcreteValidator.scala"},"buildTarget":{"uri":"file:/home/hugo/M1%20SIF/ACF/tp8910/TP89_ACF/#tp89_acf/Compile"},"diagnostics":[],"reset":true})[0m
[0m[[0m[0mdebug[0m] [0m[0mjsonRpcNotify: JsonRpcNotificationMessage(2.0, build/publishDiagnostics, {"textDocument":{"uri":"file:///home/hugo/M1%20SIF/ACF/tp8910/TP89_ACF/src/main/scala/bank/action/SendClient.java"},"buildTarget":{"uri":"file:/home/hugo/M1%20SIF/ACF/tp8910/TP89_ACF/#tp89_acf/Compile"},"diagnostics":[],"reset":true})[0m
[0m[[0m[0mdebug[0m] [0m[0mjsonRpcNotify: JsonRpcNotificationMessage(2.0, build/publishDiagnostics, {"textDocument":{"uri":"file:///home/hugo/M1%20SIF/ACF/tp8910/TP89_ACF/src/main/scala/bank/action/SendCancel.java"},"buildTarget":{"uri":"file:/home/hugo/M1%20SIF/ACF/tp8910/TP89_ACF/#tp89_acf/Compile"},"diagnostics":[],"reset":true})[0m
[0m[[0m[0mdebug[0m] [0m[0mjsonRpcNotify: JsonRpcNotificationMessage(2.0, build/publishDiagnostics, {"textDocument":{"uri":"file:///home/hugo/M1%20SIF/ACF/tp8910/TP89_ACF/src/main/scala/bank/action/SendMerchant.java"},"buildTarget":{"uri":"file:/home/hugo/M1%20SIF/ACF/tp8910/TP89_ACF/#tp89_acf/Compile"},"diagnostics":[],"reset":true})[0m
[0m[[0m[0mdebug[0m] [0m[0mjsonRpcNotify: JsonRpcNotificationMessage(2.0, build/publishDiagnostics, {"textDocument":{"uri":"file:///home/hugo/M1%20SIF/ACF/tp8910/TP89_ACF/src/main/scala/bank/observer/Observer.scala"},"buildTarget":{"uri":"file:/home/hugo/M1%20SIF/ACF/tp8910/TP89_ACF/#tp89_acf/Compile"},"diagnostics":[],"reset":true})[0m
[0m[[0m[0mdebug[0m] [0m[0mjsonRpcNotify: JsonRpcNotificationMessage(2.0, build/publishDiagnostics, {"textDocument":{"uri":"file:///home/hugo/M1%20SIF/ACF/tp8910/TP89_ACF/src/main/scala/bank/observer/Subject.scala"},"buildTarget":{"uri":"file:/home/hugo/M1%20SIF/ACF/tp8910/TP89_ACF/#tp89_acf/Compile"},"diagnostics":[],"reset":true})[0m
[0m[[0m[0mdebug[0m] [0m[0mjsonRpcNotify: JsonRpcNotificationMessage(2.0, build/taskFinish, {"taskId":{"id":"1","parents":[]},"eventTime":1637758638154,"message":"Compiled tp89_acf","status":2,"dataKind":"compile-report","data":{"target":{"uri":"file:/home/hugo/M1%20SIF/ACF/tp8910/TP89_ACF/#tp89_acf/Compile"},"errors":1,"warnings":0,"time":3586}})[0m
[0m[[0m[0mdebug[0m] [0m[0munmatched json error for requestId None: {"code":-32603,"message":"(Compile / \u001b[31mcompileIncremental\u001b[0m) Compilation failed"}[0m
[0m[[0m[31merror[0m] [0m[0m(Compile / [31mcompileIncremental[0m) Compilation failed[0m
[0m[[0m[0mdebug[0m] [0m[0mjsonRpcNotify: JsonRpcNotificationMessage(2.0, build/logMessage, {"type":1,"message":"(Compile / \u001b[31mcompileIncremental\u001b[0m) Compilation failed"})[0m
[0m[[0m[31merror[0m] [0m[0mTotal time: 4 s, completed Nov 24, 2021, 1:57:18 PM[0m
[0m[[0m[0mdebug[0m] [0m[0munmatched Done event for requestId None: None[0m
[0m[[0m[0mdebug[0m] [0m[0m> Exec(shell, None, None)[0m
