[0m2021.11.17 14:13:44 INFO  Started: Metals version 0.10.9 in workspace '/home/hugo/M1 SIF/ACF/tp8910/TP89_ACF' for client Visual Studio Code 1.62.0.[0m
[0m2021.11.17 14:13:56 INFO  time: initialize in 12s[0m
[0m2021.11.17 14:14:02 WARN  Build server is not auto-connectable.[0m
[0m2021.11.17 14:14:03 WARN  no build target for: /home/hugo/M1 SIF/ACF/tp8910/TP89_ACF/src/main/scala/bank/Bank.scala[0m
[0m2021.11.17 14:14:34 INFO  no build target: using presentation compiler with only scala-library: 3.1.0[0m
Nov 17, 2021 2:14:40 PM org.eclipse.lsp4j.jsonrpc.RemoteEndpoint handleCancellation
WARNING: Unmatched cancel notification for request id 1
Nov 17, 2021 2:14:40 PM org.eclipse.lsp4j.jsonrpc.RemoteEndpoint handleCancellation
WARNING: Unmatched cancel notification for request id 7
Nov 17, 2021 2:14:40 PM org.eclipse.lsp4j.jsonrpc.RemoteEndpoint handleCancellation
WARNING: Unmatched cancel notification for request id 8
[0m2021.11.17 14:14:40 WARN  no build target for: /home/hugo/M1 SIF/ACF/tp8910/TP89_ACF/src/main/scala/bank/ExtMessage.scala[0m
Nov 17, 2021 2:14:40 PM org.eclipse.lsp4j.jsonrpc.RemoteEndpoint handleCancellation
WARNING: Unmatched cancel notification for request id 11
Nov 17, 2021 2:14:40 PM org.eclipse.lsp4j.jsonrpc.RemoteEndpoint handleCancellation
WARNING: Unmatched cancel notification for request id 13
Nov 17, 2021 2:14:40 PM org.eclipse.lsp4j.jsonrpc.RemoteEndpoint handleCancellation
WARNING: Unmatched cancel notification for request id 14
Nov 17, 2021 2:14:40 PM org.eclipse.lsp4j.jsonrpc.RemoteEndpoint handleCancellation
WARNING: Unmatched cancel notification for request id 12
[0m2021.11.17 14:14:40 WARN  no build target for: /home/hugo/M1 SIF/ACF/tp8910/TP89_ACF/src/main/scala/bank/TransValidator.scala[0m
Nov 17, 2021 2:14:40 PM org.eclipse.lsp4j.jsonrpc.RemoteEndpoint handleCancellation
WARNING: Unmatched cancel notification for request id 17
Nov 17, 2021 2:14:40 PM org.eclipse.lsp4j.jsonrpc.RemoteEndpoint handleCancellation
WARNING: Unmatched cancel notification for request id 19
Nov 17, 2021 2:14:40 PM org.eclipse.lsp4j.jsonrpc.RemoteEndpoint handleCancellation
WARNING: Unmatched cancel notification for request id 18
[0m2021.11.17 14:14:40 WARN  no build target for: /home/hugo/M1 SIF/ACF/tp8910/TP89_ACF/src/main/scala/validator/ConcreteValidator.scala[0m
Nov 17, 2021 2:14:40 PM org.eclipse.lsp4j.jsonrpc.RemoteEndpoint handleCancellation
WARNING: Unmatched cancel notification for request id 21
Nov 17, 2021 2:14:41 PM org.eclipse.lsp4j.jsonrpc.RemoteEndpoint handleCancellation
WARNING: Unmatched cancel notification for request id 25
Nov 17, 2021 2:14:41 PM org.eclipse.lsp4j.jsonrpc.RemoteEndpoint handleCancellation
WARNING: Unmatched cancel notification for request id 29
Nov 17, 2021 2:14:41 PM org.eclipse.lsp4j.jsonrpc.RemoteEndpoint handleCancellation
WARNING: Unmatched cancel notification for request id 26
Nov 17, 2021 2:14:41 PM org.eclipse.lsp4j.jsonrpc.RemoteEndpoint handleCancellation
WARNING: Unmatched cancel notification for request id 30
Nov 17, 2021 2:14:41 PM org.eclipse.lsp4j.jsonrpc.RemoteEndpoint handleCancellation
WARNING: Unmatched cancel notification for request id 22
Nov 17, 2021 2:14:41 PM org.eclipse.lsp4j.jsonrpc.RemoteEndpoint handleCancellation
WARNING: Unmatched cancel notification for request id 32
Nov 17, 2021 2:14:41 PM org.eclipse.lsp4j.jsonrpc.RemoteEndpoint handleCancellation
WARNING: Unmatched cancel notification for request id 34
[0m2021.11.17 14:14:45 WARN  no build target for: /home/hugo/M1 SIF/ACF/tp8910/TP89_ACF/src/main/scala/validator/ConcreteValidator.scala[0m
[0m2021.11.17 14:14:59 INFO  time: code lens generation in 17s[0m
[0m2021.11.17 14:14:59 INFO  time: code lens generation in 17s[0m
[0m2021.11.17 14:14:59 INFO  time: code lens generation in 18s[0m
[0m2021.11.17 14:14:59 INFO  time: code lens generation in 18s[0m
[0m2021.11.17 14:14:59 INFO  time: code lens generation in 17s[0m
[0m2021.11.17 14:14:59 INFO  time: code lens generation in 17s[0m
[0m2021.11.17 14:14:59 INFO  time: code lens generation in 17s[0m
[0m2021.11.17 14:14:59 INFO  time: code lens generation in 18s[0m
[0m2021.11.17 14:14:59 INFO  time: code lens generation in 18s[0m
[0m2021.11.17 14:14:59 INFO  time: code lens generation in 18s[0m
[0m2021.11.17 14:14:59 INFO  time: code lens generation in 18s[0m
[0m2021.11.17 14:14:59 INFO  time: code lens generation in 47s[0m
[0m2021.11.17 14:14:59 INFO  time: code lens generation in 47s[0m
[0m2021.11.17 14:15:14 WARN  no build target for: /home/hugo/M1 SIF/ACF/tp8910/TP89_ACF/src/main/scala/bank/TransValidator.scala[0m
[0m2021.11.17 14:15:54 WARN  no build target for: /home/hugo/M1 SIF/ACF/tp8910/TP89_ACF/src/main/scala/bank/observer/Observer.scala[0m
Nov 17, 2021 2:15:56 PM org.eclipse.lsp4j.jsonrpc.RemoteEndpoint handleCancellation
WARNING: Unmatched cancel notification for request id 66
[0m2021.11.17 14:15:56 WARN  no build target for: /home/hugo/M1 SIF/ACF/tp8910/TP89_ACF/src/main/scala/bank/observer/Subject.scala[0m
Nov 17, 2021 2:15:59 PM org.eclipse.lsp4j.jsonrpc.RemoteEndpoint handleCancellation
WARNING: Unmatched cancel notification for request id 71
[0m2021.11.17 16:03:37 INFO  shutting down Metals[0m
[0m2021.11.24 13:55:56 INFO  Started: Metals version 0.10.9 in workspace '/home/hugo/M1 SIF/ACF/tp8910/TP89_ACF' for client Visual Studio Code 1.62.0.[0m
[0m2021.11.24 13:56:00 INFO  time: initialize in 4.73s[0m
[0m2021.11.24 13:56:01 WARN  Build server is not auto-connectable.[0m
[0m2021.11.24 13:56:02 INFO  skipping build import with status 'Requested'[0m
[0m2021.11.24 13:56:02 WARN  no build target for: /home/hugo/M1 SIF/ACF/tp8910/TP89_ACF/src/main/scala/validator/ConcreteValidator.scala[0m
[0m2021.11.24 13:56:08 INFO  no build target: using presentation compiler with only scala-library: 3.1.0[0m
Nov 24, 2021 1:56:18 PM org.eclipse.lsp4j.jsonrpc.RemoteEndpoint handleCancellation
WARNING: Unmatched cancel notification for request id 8
Nov 24, 2021 1:56:18 PM org.eclipse.lsp4j.jsonrpc.RemoteEndpoint handleCancellation
WARNING: Unmatched cancel notification for request id 9
[0m2021.11.24 13:56:18 WARN  no build target for: /home/hugo/M1 SIF/ACF/tp8910/TP89_ACF/src/main/scala/bank/Bank.scala[0m
Nov 24, 2021 1:56:19 PM org.eclipse.lsp4j.jsonrpc.RemoteEndpoint handleCancellation
WARNING: Unmatched cancel notification for request id 11
Nov 24, 2021 1:56:20 PM org.eclipse.lsp4j.jsonrpc.RemoteEndpoint handleCancellation
WARNING: Unmatched cancel notification for request id 19
[0m2021.11.24 13:56:25 INFO  time: code lens generation in 6.58s[0m
[0m2021.11.24 13:56:25 INFO  time: code lens generation in 20s[0m
[0m2021.11.24 13:56:25 INFO  time: code lens generation in 5.62s[0m
[0m2021.11.24 13:56:25 INFO  time: code lens generation in 5.32s[0m
[0m2021.11.24 13:56:25 INFO  time: code lens generation in 5.63s[0m
[0m2021.11.24 13:56:25 INFO  time: code lens generation in 5.39s[0m
Nov 24, 2021 1:56:25 PM org.eclipse.lsp4j.jsonrpc.RemoteEndpoint handleCancellation
WARNING: Unmatched cancel notification for request id 26
Nov 24, 2021 1:56:25 PM org.eclipse.lsp4j.jsonrpc.RemoteEndpoint handleCancellation
WARNING: Unmatched cancel notification for request id 22
Nov 24, 2021 1:56:25 PM org.eclipse.lsp4j.jsonrpc.RemoteEndpoint handleCancellation
WARNING: Unmatched cancel notification for request id 21
Nov 24, 2021 1:56:25 PM org.eclipse.lsp4j.jsonrpc.RemoteEndpoint handleCancellation
WARNING: Unmatched cancel notification for request id 24
[0m2021.11.24 13:57:13 WARN  no build target for: /home/hugo/M1 SIF/ACF/tp8910/TP89_ACF/src/main/scala/bank/Bank.scala[0m
[0m2021.11.24 13:57:35 WARN  no build target for: /home/hugo/M1 SIF/ACF/tp8910/TP89_ACF/src/main/scala/bank/Bank.scala[0m
